# JRE version: OpenJDK Runtime Environment (7.0_55-b14) (build 1.7.0_55-b14)
# Java VM: OpenJDK 64-Bit Server VM (24.51-b03 mixed mode linux-amd64 compressed oops)
Heap
 PSYoungGen      total 140800K, used 53386K [0x00000000f5500000, 0x00000000ff980000, 0x0000000100000000)
  eden space 138752K, 37% used [0x00000000f5500000,0x00000000f873aba0,0x00000000fdc80000)
  from space 2048K, 95% used [0x00000000fef80000,0x00000000ff167eb0,0x00000000ff180000)
  to   space 5632K, 0% used [0x00000000ff400000,0x00000000ff400000,0x00000000ff980000)
 ParOldGen       total 96768K, used 55287K [0x00000000e0000000, 0x00000000e5e80000, 0x00000000f5500000)
  object space 96768K, 57% used [0x00000000e0000000,0x00000000e35fdd90,0x00000000e5e80000)
 PSPermGen       total 71168K, used 70887K [0x00000000d0000000, 0x00000000d4580000, 0x00000000e0000000)
  object space 71168K, 99% used [0x00000000d0000000,0x00000000d4539cf0,0x00000000d4580000)
GC Heap History (10 events):
Event: 7338.210 GC heap before
{Heap before GC invocations=266 (full 124):
 PSYoungGen      total 151040K, used 16277K [0x00000000f5500000, 0x00000000ff500000, 0x0000000100000000)
  eden space 150528K, 10% used [0x00000000f5500000,0x00000000f64e54a0,0x00000000fe800000)
  from space 512K, 0% used [0x00000000fe800000,0x00000000fe800000,0x00000000fe880000)
  to   space 6656K, 0% used [0x00000000fee80000,0x00000000fee80000,0x00000000ff500000)
 ParOldGen       total 96768K, used 55325K [0x00000000e0000000, 0x00000000e5e80000, 0x00000000f5500000)
  object space 96768K, 57% used [0x00000000e0000000,0x00000000e3607668,0x00000000e5e80000)
 PSPermGen       total 69632K, used 69143K [0x00000000d0000000, 0x00000000d4400000, 0x00000000e0000000)
  object space 69632K, 99% used [0x00000000d0000000,0x00000000d4385cd8,0x00000000d4400000)
Event: 7338.217 GC heap after
Heap after GC invocations=266 (full 124):
 PSYoungGen      total 157184K, used 96K [0x00000000f5500000, 0x00000000ff500000, 0x0000000100000000)
  eden space 150528K, 0% used [0x00000000f5500000,0x00000000f5500000,0x00000000fe800000)
  from space 6656K, 1% used [0x00000000fee80000,0x00000000fee98000,0x00000000ff500000)
  to   space 6656K, 0% used [0x00000000fe800000,0x00000000fe800000,0x00000000fee80000)
 ParOldGen       total 96768K, used 55325K [0x00000000e0000000, 0x00000000e5e80000, 0x00000000f5500000)
  object space 96768K, 57% used [0x00000000e0000000,0x00000000e3607668,0x00000000e5e80000)
 PSPermGen       total 69632K, used 69143K [0x00000000d0000000, 0x00000000d4400000, 0x00000000e0000000)
  object space 69632K, 99% used [0x00000000d0000000,0x00000000d4385cd8,0x00000000d4400000)
}
Event: 7338.217 GC heap before
{Heap before GC invocations=267 (full 125):
 PSYoungGen      total 157184K, used 96K [0x00000000f5500000, 0x00000000ff500000, 0x0000000100000000)
  eden space 150528K, 0% used [0x00000000f5500000,0x00000000f5500000,0x00000000fe800000)
  from space 6656K, 1% used [0x00000000fee80000,0x00000000fee98000,0x00000000ff500000)
  to   space 6656K, 0% used [0x00000000fe800000,0x00000000fe800000,0x00000000fee80000)
 ParOldGen       total 96768K, used 55325K [0x00000000e0000000, 0x00000000e5e80000, 0x00000000f5500000)
  object space 96768K, 57% used [0x00000000e0000000,0x00000000e3607668,0x00000000e5e80000)
 PSPermGen       total 69632K, used 69143K [0x00000000d0000000, 0x00000000d4400000, 0x00000000e0000000)
  object space 69632K, 99% used [0x00000000d0000000,0x00000000d4385cd8,0x00000000d4400000)
Event: 7338.431 GC heap after
Heap after GC invocations=267 (full 125):
 PSYoungGen      total 157184K, used 0K [0x00000000f5500000, 0x00000000ff500000, 0x0000000100000000)
  eden space 150528K, 0% used [0x00000000f5500000,0x00000000f5500000,0x00000000fe800000)
  from space 6656K, 0% used [0x00000000fee80000,0x00000000fee80000,0x00000000ff500000)
  to   space 6656K, 0% used [0x00000000fe800000,0x00000000fe800000,0x00000000fee80000)
 ParOldGen       total 96768K, used 55287K [0x00000000e0000000, 0x00000000e5e80000, 0x00000000f5500000)
  object space 96768K, 57% used [0x00000000e0000000,0x00000000e35fdd90,0x00000000e5e80000)
 PSPermGen       total 69632K, used 69143K [0x00000000d0000000, 0x00000000d4400000, 0x00000000e0000000)
  object space 69632K, 99% used [0x00000000d0000000,0x00000000d4385cd8,0x00000000d4400000)
}
Event: 7896.609 GC heap before
{Heap before GC invocations=268 (full 125):
 PSYoungGen      total 157184K, used 150528K [0x00000000f5500000, 0x00000000ff500000, 0x0000000100000000)
  eden space 150528K, 100% used [0x00000000f5500000,0x00000000fe800000,0x00000000fe800000)
  from space 6656K, 0% used [0x00000000fee80000,0x00000000fee80000,0x00000000ff500000)
  to   space 6656K, 0% used [0x00000000fe800000,0x00000000fe800000,0x00000000fee80000)
 ParOldGen       total 96768K, used 55287K [0x00000000e0000000, 0x00000000e5e80000, 0x00000000f5500000)
  object space 96768K, 57% used [0x00000000e0000000,0x00000000e35fdd90,0x00000000e5e80000)
 PSPermGen       total 70144K, used 70077K [0x00000000d0000000, 0x00000000d4480000, 0x00000000e0000000)
  object space 70144K, 99% used [0x00000000d0000000,0x00000000d446f708,0x00000000d4480000)
Event: 7896.621 GC heap after
Heap after GC invocations=268 (full 125):
 PSYoungGen      total 157184K, used 1798K [0x00000000f5500000, 0x00000000fff00000, 0x0000000100000000)
  eden space 150528K, 0% used [0x00000000f5500000,0x00000000f5500000,0x00000000fe800000)
  from space 6656K, 27% used [0x00000000fe800000,0x00000000fe9c1820,0x00000000fee80000)
  to   space 6144K, 0% used [0x00000000ff900000,0x00000000ff900000,0x00000000fff00000)
 ParOldGen       total 96768K, used 55287K [0x00000000e0000000, 0x00000000e5e80000, 0x00000000f5500000)
  object space 96768K, 57% used [0x00000000e0000000,0x00000000e35fdd90,0x00000000e5e80000)
 PSPermGen       total 70144K, used 70077K [0x00000000d0000000, 0x00000000d4480000, 0x00000000e0000000)
  object space 70144K, 99% used [0x00000000d0000000,0x00000000d446f708,0x00000000d4480000)
}
Event: 8773.330 GC heap before
{Heap before GC invocations=269 (full 125):
 PSYoungGen      total 157184K, used 152326K [0x00000000f5500000, 0x00000000fff00000, 0x0000000100000000)
  eden space 150528K, 100% used [0x00000000f5500000,0x00000000fe800000,0x00000000fe800000)
  from space 6656K, 27% used [0x00000000fe800000,0x00000000fe9c1820,0x00000000fee80000)
  to   space 6144K, 0% used [0x00000000ff900000,0x00000000ff900000,0x00000000fff00000)
 ParOldGen       total 96768K, used 55287K [0x00000000e0000000, 0x00000000e5e80000, 0x00000000f5500000)
  object space 96768K, 57% used [0x00000000e0000000,0x00000000e35fdd90,0x00000000e5e80000)
 PSPermGen       total 70144K, used 70086K [0x00000000d0000000, 0x00000000d4480000, 0x00000000e0000000)
  object space 70144K, 99% used [0x00000000d0000000,0x00000000d4471a70,0x00000000d4480000)
Event: 8773.344 GC heap after
Heap after GC invocations=269 (full 125):
 PSYoungGen      total 145920K, used 1118K [0x00000000f5500000, 0x00000000ffa80000, 0x0000000100000000)
  eden space 144384K, 0% used [0x00000000f5500000,0x00000000f5500000,0x00000000fe200000)
  from space 1536K, 72% used [0x00000000ff900000,0x00000000ffa17a30,0x00000000ffa80000)
  to   space 5632K, 0% used [0x00000000fef80000,0x00000000fef80000,0x00000000ff500000)
 ParOldGen       total 96768K, used 55287K [0x00000000e0000000, 0x00000000e5e80000, 0x00000000f5500000)
  object space 96768K, 57% used [0x00000000e0000000,0x00000000e35fdd90,0x00000000e5e80000)
 PSPermGen       total 70144K, used 70086K [0x00000000d0000000, 0x00000000d4480000, 0x00000000e0000000)
  object space 70144K, 99% used [0x00000000d0000000,0x00000000d4471a70,0x00000000d4480000)
}
Event: 9255.957 GC heap before
{Heap before GC invocations=270 (full 125):
 PSYoungGen      total 145920K, used 145502K [0x00000000f5500000, 0x00000000ffa80000, 0x0000000100000000)
  eden space 144384K, 100% used [0x00000000f5500000,0x00000000fe200000,0x00000000fe200000)
  from space 1536K, 72% used [0x00000000ff900000,0x00000000ffa17a30,0x00000000ffa80000)
  to   space 5632K, 0% used [0x00000000fef80000,0x00000000fef80000,0x00000000ff500000)
 ParOldGen       total 96768K, used 55287K [0x00000000e0000000, 0x00000000e5e80000, 0x00000000f5500000)
  object space 96768K, 57% used [0x00000000e0000000,0x00000000e35fdd90,0x00000000e5e80000)
 PSPermGen       total 70656K, used 70321K [0x00000000d0000000, 0x00000000d4500000, 0x00000000e0000000)
  object space 70656K, 99% used [0x00000000d0000000,0x00000000d44ac648,0x00000000d4500000)
Event: 9255.969 GC heap after
Heap after GC invocations=270 (full 125):
 PSYoungGen      total 140800K, used 1951K [0x00000000f5500000, 0x00000000ff980000, 0x0000000100000000)
  eden space 138752K, 0% used [0x00000000f5500000,0x00000000f5500000,0x00000000fdc80000)
  from space 2048K, 95% used [0x00000000fef80000,0x00000000ff167eb0,0x00000000ff180000)
  to   space 5632K, 0% used [0x00000000ff400000,0x00000000ff400000,0x00000000ff980000)
 ParOldGen       total 96768K, used 55287K [0x00000000e0000000, 0x00000000e5e80000, 0x00000000f5500000)
  object space 96768K, 57% used [0x00000000e0000000,0x00000000e35fdd90,0x00000000e5e80000)
 PSPermGen       total 70656K, used 70321K [0x00000000d0000000, 0x00000000d4500000, 0x00000000e0000000)
  object space 70656K, 99% used [0x00000000d0000000,0x00000000d44ac648,0x00000000d4500000)
}

